Linea: 1 Columna: 17 a 22 Palabra analizada: SELECT Token: Reservada
Linea: 1 Columna: 17 a 22 Palabra analizada: SELECT Token: Reservada
Linea: 2 Columna: 1 a 4 Palabra analizada: pero Token: Identificador
Linea: 1 Columna: 17 a 22 Palabra analizada: SELECT Token: Reservada
Linea: 2 Columna: 1 a 4 Palabra analizada: pero Token: Identificador
Linea: 2 Columna: 6 a 9 Palabra analizada: esto Token: Identificador
Linea: 1 Columna: 17 a 22 Palabra analizada: SELECT Token: Reservada
Linea: 2 Columna: 1 a 4 Palabra analizada: pero Token: Identificador
Linea: 2 Columna: 6 a 9 Palabra analizada: esto Token: Identificador
Linea: 2 Columna: 11 a 12 Palabra analizada: lo Token: Identificador
Linea: 1 Columna: 17 a 22 Palabra analizada: SELECT Token: Reservada
Linea: 2 Columna: 1 a 4 Palabra analizada: pero Token: Identificador
Linea: 2 Columna: 6 a 9 Palabra analizada: esto Token: Identificador
Linea: 2 Columna: 11 a 12 Palabra analizada: lo Token: Identificador
Linea: 2 Columna: 14 a 16 Palabra analizada: lee Token: Identificador
Linea: 1 Columna: 17 a 22 Palabra analizada: SELECT Token: Reservada
Linea: 2 Columna: 1 a 4 Palabra analizada: pero Token: Identificador
Linea: 2 Columna: 6 a 9 Palabra analizada: esto Token: Identificador
Linea: 2 Columna: 11 a 12 Palabra analizada: lo Token: Identificador
Linea: 2 Columna: 14 a 16 Palabra analizada: lee Token: Identificador
Linea: 9 Columna: 1 a 12 Palabra analizada: holamundo123 Token: Identificador
